[19:41:12] [main/INFO] [LaunchWrapper]: Loading tweak class name cpw.mods.fml.common.launcher.FMLTweaker
[19:41:12] [main/INFO] [LaunchWrapper]: Using primary tweak class name cpw.mods.fml.common.launcher.FMLTweaker
[19:41:12] [main/INFO] [LaunchWrapper]: Calling tweak class cpw.mods.fml.common.launcher.FMLTweaker
[20:23:15] [main/INFO] [LaunchWrapper]: Loading tweak class name cpw.mods.fml.common.launcher.FMLTweaker
[20:23:15] [main/INFO] [LaunchWrapper]: Using primary tweak class name cpw.mods.fml.common.launcher.FMLTweaker
[20:23:15] [main/INFO] [LaunchWrapper]: Calling tweak class cpw.mods.fml.common.launcher.FMLTweaker
[20:35:10] [main/INFO] [LaunchWrapper]: Loading tweak class name cpw.mods.fml.common.launcher.FMLTweaker
[20:35:10] [main/INFO] [LaunchWrapper]: Using primary tweak class name cpw.mods.fml.common.launcher.FMLTweaker
[20:35:10] [main/INFO] [LaunchWrapper]: Calling tweak class cpw.mods.fml.common.launcher.FMLTweaker
[20:43:05] [main/INFO] [LaunchWrapper]: Loading tweak class name cpw.mods.fml.common.launcher.FMLTweaker
[20:43:05] [main/INFO] [LaunchWrapper]: Using primary tweak class name cpw.mods.fml.common.launcher.FMLTweaker
[20:43:05] [main/INFO] [LaunchWrapper]: Calling tweak class cpw.mods.fml.common.launcher.FMLTweaker
[20:54:56] [main/INFO] [LaunchWrapper]: Loading tweak class name cpw.mods.fml.common.launcher.FMLTweaker
[20:54:56] [main/INFO] [LaunchWrapper]: Using primary tweak class name cpw.mods.fml.common.launcher.FMLTweaker
[20:54:56] [main/INFO] [LaunchWrapper]: Calling tweak class cpw.mods.fml.common.launcher.FMLTweaker
[20:55:22] [main/INFO] [LaunchWrapper]: Loading tweak class name cpw.mods.fml.common.launcher.FMLTweaker
[20:55:22] [main/INFO] [LaunchWrapper]: Using primary tweak class name cpw.mods.fml.common.launcher.FMLTweaker
[20:55:22] [main/INFO] [LaunchWrapper]: Calling tweak class cpw.mods.fml.common.launcher.FMLTweaker
[21:00:55] [main/INFO] [LaunchWrapper]: Loading tweak class name cpw.mods.fml.common.launcher.FMLTweaker
[21:00:55] [main/INFO] [LaunchWrapper]: Using primary tweak class name cpw.mods.fml.common.launcher.FMLTweaker
[21:00:55] [main/INFO] [LaunchWrapper]: Calling tweak class cpw.mods.fml.common.launcher.FMLTweaker
[21:01:28] [main/INFO] [LaunchWrapper]: Loading tweak class name cpw.mods.fml.common.launcher.FMLTweaker
[21:01:28] [main/INFO] [LaunchWrapper]: Using primary tweak class name cpw.mods.fml.common.launcher.FMLTweaker
[21:01:28] [main/INFO] [LaunchWrapper]: Calling tweak class cpw.mods.fml.common.launcher.FMLTweaker
[21:04:42] [main/INFO] [LaunchWrapper]: Loading tweak class name cpw.mods.fml.common.launcher.FMLTweaker
[21:04:42] [main/INFO] [LaunchWrapper]: Using primary tweak class name cpw.mods.fml.common.launcher.FMLTweaker
[21:04:42] [main/INFO] [LaunchWrapper]: Calling tweak class cpw.mods.fml.common.launcher.FMLTweaker
[21:07:28] [main/INFO] [LaunchWrapper]: Loading tweak class name cpw.mods.fml.common.launcher.FMLTweaker
[21:07:28] [main/INFO] [LaunchWrapper]: Using primary tweak class name cpw.mods.fml.common.launcher.FMLTweaker
[21:07:28] [main/INFO] [LaunchWrapper]: Calling tweak class cpw.mods.fml.common.launcher.FMLTweaker
[21:09:49] [main/INFO] [LaunchWrapper]: Loading tweak class name cpw.mods.fml.common.launcher.FMLTweaker
[21:09:49] [main/INFO] [LaunchWrapper]: Using primary tweak class name cpw.mods.fml.common.launcher.FMLTweaker
[21:09:49] [main/INFO] [LaunchWrapper]: Calling tweak class cpw.mods.fml.common.launcher.FMLTweaker
[21:11:08] [main/INFO] [LaunchWrapper]: Loading tweak class name cpw.mods.fml.common.launcher.FMLTweaker
[21:11:08] [main/INFO] [LaunchWrapper]: Using primary tweak class name cpw.mods.fml.common.launcher.FMLTweaker
[21:11:08] [main/INFO] [LaunchWrapper]: Calling tweak class cpw.mods.fml.common.launcher.FMLTweaker
[21:12:39] [main/INFO] [LaunchWrapper]: Loading tweak class name cpw.mods.fml.common.launcher.FMLTweaker
[21:12:39] [main/INFO] [LaunchWrapper]: Using primary tweak class name cpw.mods.fml.common.launcher.FMLTweaker
[21:12:39] [main/INFO] [LaunchWrapper]: Calling tweak class cpw.mods.fml.common.launcher.FMLTweaker
[22:36:19] [main/INFO] [LaunchWrapper]: Loading tweak class name cpw.mods.fml.common.launcher.FMLTweaker
[22:36:19] [main/INFO] [LaunchWrapper]: Using primary tweak class name cpw.mods.fml.common.launcher.FMLTweaker
[22:36:19] [main/INFO] [LaunchWrapper]: Calling tweak class cpw.mods.fml.common.launcher.FMLTweaker
[22:37:42] [main/INFO] [LaunchWrapper]: Loading tweak class name cpw.mods.fml.common.launcher.FMLTweaker
[22:37:42] [main/INFO] [LaunchWrapper]: Using primary tweak class name cpw.mods.fml.common.launcher.FMLTweaker
[22:37:42] [main/INFO] [LaunchWrapper]: Calling tweak class cpw.mods.fml.common.launcher.FMLTweaker
[22:39:18] [main/INFO] [LaunchWrapper]: Loading tweak class name cpw.mods.fml.common.launcher.FMLTweaker
[22:39:18] [main/INFO] [LaunchWrapper]: Using primary tweak class name cpw.mods.fml.common.launcher.FMLTweaker
[22:39:18] [main/INFO] [LaunchWrapper]: Calling tweak class cpw.mods.fml.common.launcher.FMLTweaker
[22:43:08] [main/INFO] [LaunchWrapper]: Loading tweak class name cpw.mods.fml.common.launcher.FMLTweaker
[22:43:08] [main/INFO] [LaunchWrapper]: Using primary tweak class name cpw.mods.fml.common.launcher.FMLTweaker
[22:43:08] [main/INFO] [LaunchWrapper]: Calling tweak class cpw.mods.fml.common.launcher.FMLTweaker
[14:20:59] [main/INFO] [GradleStart]: No arguments specified, assuming client.
[14:20:59] [main/INFO] [GradleStart]: Running with arguments: [--version, 1.7.10, --tweakClass, cpw.mods.fml.common.launcher.FMLTweaker, --assetIndex, {ASSET_INDEX}, --assetsDir, /Users/caleb/.gradle/caches/minecraft/assets, --accessToken, FML, --userProperties, {}, --username, ForgeDevName]
[14:20:59] [main/INFO] [LaunchWrapper]: Loading tweak class name cpw.mods.fml.common.launcher.FMLTweaker
[14:20:59] [main/INFO] [LaunchWrapper]: Using primary tweak class name cpw.mods.fml.common.launcher.FMLTweaker
[14:20:59] [main/INFO] [LaunchWrapper]: Calling tweak class cpw.mods.fml.common.launcher.FMLTweaker
[14:43:09] [main/INFO] [GradleStart]: No arguments specified, assuming client.
[14:43:09] [main/INFO] [GradleStart]: Running with arguments: [--version, 1.7.10, --tweakClass, cpw.mods.fml.common.launcher.FMLTweaker, --assetIndex, {ASSET_INDEX}, --assetsDir, /Users/caleb/.gradle/caches/minecraft/assets, --accessToken, FML, --userProperties, {}, --username, ForgeDevName]
[14:43:09] [main/INFO] [LaunchWrapper]: Loading tweak class name cpw.mods.fml.common.launcher.FMLTweaker
[14:43:09] [main/INFO] [LaunchWrapper]: Using primary tweak class name cpw.mods.fml.common.launcher.FMLTweaker
[14:43:09] [main/INFO] [LaunchWrapper]: Calling tweak class cpw.mods.fml.common.launcher.FMLTweaker
[14:43:58] [main/INFO] [GradleStart]: No arguments specified, assuming client.
[14:43:58] [main/INFO] [GradleStart]: Running with arguments: [--version, 1.7.10, --tweakClass, cpw.mods.fml.common.launcher.FMLTweaker, --assetIndex, {ASSET_INDEX}, --assetsDir, /Users/caleb/.gradle/caches/minecraft/assets, --accessToken, FML, --userProperties, {}, --username, ForgeDevName]
[14:43:58] [main/INFO] [LaunchWrapper]: Loading tweak class name cpw.mods.fml.common.launcher.FMLTweaker
[14:43:58] [main/INFO] [LaunchWrapper]: Using primary tweak class name cpw.mods.fml.common.launcher.FMLTweaker
[14:43:58] [main/INFO] [LaunchWrapper]: Calling tweak class cpw.mods.fml.common.launcher.FMLTweaker
[14:44:56] [main/INFO] [GradleStart]: No arguments specified, assuming client.
[14:44:56] [main/INFO] [GradleStart]: Running with arguments: [--version, 1.7.10, --tweakClass, cpw.mods.fml.common.launcher.FMLTweaker, --assetIndex, {ASSET_INDEX}, --assetsDir, /Users/caleb/.gradle/caches/minecraft/assets, --accessToken, FML, --userProperties, {}, --username, ForgeDevName]
[14:44:56] [main/INFO] [LaunchWrapper]: Loading tweak class name cpw.mods.fml.common.launcher.FMLTweaker
[14:44:56] [main/INFO] [LaunchWrapper]: Using primary tweak class name cpw.mods.fml.common.launcher.FMLTweaker
[14:44:56] [main/INFO] [LaunchWrapper]: Calling tweak class cpw.mods.fml.common.launcher.FMLTweaker
[14:51:17] [main/INFO] [GradleStart]: No arguments specified, assuming client.
[14:51:17] [main/INFO] [GradleStart]: Running with arguments: [--version, 1.7.10, --tweakClass, cpw.mods.fml.common.launcher.FMLTweaker, --assetIndex, {ASSET_INDEX}, --assetsDir, /Users/caleb/.gradle/caches/minecraft/assets, --accessToken, FML, --userProperties, {}, --username, ForgeDevName]
[14:51:17] [main/INFO] [LaunchWrapper]: Loading tweak class name cpw.mods.fml.common.launcher.FMLTweaker
[14:51:17] [main/INFO] [LaunchWrapper]: Using primary tweak class name cpw.mods.fml.common.launcher.FMLTweaker
[14:51:17] [main/INFO] [LaunchWrapper]: Calling tweak class cpw.mods.fml.common.launcher.FMLTweaker
[15:01:02] [main/INFO] [GradleStart]: No arguments specified, assuming client.
[15:01:03] [main/INFO] [GradleStart]: Running with arguments: [--version, 1.7.10, --tweakClass, cpw.mods.fml.common.launcher.FMLTweaker, --assetIndex, {ASSET_INDEX}, --assetsDir, /Users/caleb/.gradle/caches/minecraft/assets, --accessToken, FML, --userProperties, {}, --username, ForgeDevName]
[15:01:03] [main/INFO] [LaunchWrapper]: Loading tweak class name cpw.mods.fml.common.launcher.FMLTweaker
[15:01:03] [main/INFO] [LaunchWrapper]: Using primary tweak class name cpw.mods.fml.common.launcher.FMLTweaker
[15:01:03] [main/INFO] [LaunchWrapper]: Calling tweak class cpw.mods.fml.common.launcher.FMLTweaker
[15:03:58] [main/INFO] [GradleStart]: No arguments specified, assuming client.
[15:03:58] [main/INFO] [GradleStart]: Running with arguments: [--version, 1.7.10, --tweakClass, cpw.mods.fml.common.launcher.FMLTweaker, --assetIndex, {ASSET_INDEX}, --assetsDir, /Users/caleb/.gradle/caches/minecraft/assets, --accessToken, FML, --userProperties, {}, --username, ForgeDevName]
[15:03:58] [main/INFO] [LaunchWrapper]: Loading tweak class name cpw.mods.fml.common.launcher.FMLTweaker
[15:03:58] [main/INFO] [LaunchWrapper]: Using primary tweak class name cpw.mods.fml.common.launcher.FMLTweaker
[15:03:58] [main/INFO] [LaunchWrapper]: Calling tweak class cpw.mods.fml.common.launcher.FMLTweaker
[15:09:53] [main/INFO] [GradleStart]: Running with arguments: [--version, 1.7.10, --tweakClass, cpw.mods.fml.common.launcher.FMLTweaker, --assetIndex, {ASSET_INDEX}, --assetsDir, /Users/caleb/.gradle/caches/minecraft/assets, --accessToken, FML, --userProperties, {}, --username, ForgeDevName, --assetIndex, 1.7.10, --assetsDir, /Users/caleb/.gradle/caches/minecraft/assets]
[15:11:25] [main/INFO] [GradleStart]: Running with arguments: [--version, 1.7.10, --tweakClass, cpw.mods.fml.common.launcher.FMLTweaker, --assetIndex, {ASSET_INDEX}, --assetsDir, /Users/caleb/.gradle/caches/minecraft/assets, --accessToken, FML, --userProperties, {}, --username, ForgeDevName, --assetIndex, 1.7.10, --assetsDir, ~/Users/caleb/.gradle/caches/minecraft/assets]
[15:13:34] [main/INFO] [GradleStart]: Running with arguments: [--version, 1.7.10, --tweakClass, cpw.mods.fml.common.launcher.FMLTweaker, --assetIndex, {ASSET_INDEX}, --assetsDir, /Users/caleb/.gradle/caches/minecraft/assets, --accessToken, FML, --userProperties, {}, --username, ForgeDevName, --assetIndex, 1.7.10, --assetsDir, ~/Users/caleb/.gradle/caches/minecraft/assets, --userProperties={}]
[15:15:15] [main/INFO] [GradleStart]: Running with arguments: [--version, 1.7.10, --tweakClass, cpw.mods.fml.common.launcher.FMLTweaker, --assetIndex, {ASSET_INDEX}, --assetsDir, /Users/caleb/.gradle/caches/minecraft/assets, --accessToken, FML, --userProperties, {}, --username, ForgeDevName, --assetIndex, 1.7.10, --assetsDir, /Users/caleb/.gradle/caches/minecraft/assets, --userProperties, {}]
[15:15:47] [main/INFO] [GradleStart]: No arguments specified, assuming client.
[15:15:47] [main/INFO] [GradleStart]: Running with arguments: [--version, 1.7.10, --tweakClass, cpw.mods.fml.common.launcher.FMLTweaker, --assetIndex, {ASSET_INDEX}, --assetsDir, /Users/caleb/.gradle/caches/minecraft/assets, --accessToken, FML, --userProperties, {}, --username, ForgeDevName]
[15:15:47] [main/INFO] [LaunchWrapper]: Loading tweak class name cpw.mods.fml.common.launcher.FMLTweaker
[15:15:47] [main/INFO] [LaunchWrapper]: Using primary tweak class name cpw.mods.fml.common.launcher.FMLTweaker
[15:15:47] [main/INFO] [LaunchWrapper]: Calling tweak class cpw.mods.fml.common.launcher.FMLTweaker
